#
# There is insufficient memory for the Java Runtime Environment to continue.
# Native memory allocation (malloc) failed to allocate 354656 bytes. Error detail: Chunk::new
# Possible reasons:
#   The system is out of physical RAM or swap space
#   This process is running with CompressedOops enabled, and the Java Heap may be blocking the growth of the native heap
# Possible solutions:
#   Reduce memory load on the system
#   Increase physical memory or swap space
#   Check if swap backing store is full
#   Decrease Java heap size (-Xmx/-Xms)
#   Decrease number of Java threads
#   Decrease Java thread stack sizes (-Xss)
#   Set larger code cache with -XX:ReservedCodeCacheSize=
#   JVM is running with Unscaled Compressed Oops mode in which the Java heap is
#     placed in the first 4GB address space. The Java Heap base address is the
#     maximum limit for the native heap growth. Please use -XX:HeapBaseMinAddress
#     to set the Java Heap base and to place the Java Heap above 4GB virtual address.
# This output file may be truncated or incomplete.
#
#  Out of Memory Error (arena.cpp:168), pid=1988, tid=2520
#
# JRE version: OpenJDK Runtime Environment Temurin-21.0.10+7 (21.0.10+7) (build 21.0.10+7-LTS)
# Java VM: OpenJDK 64-Bit Server VM Temurin-21.0.10+7 (21.0.10+7-LTS, mixed mode, sharing, tiered, compressed oops, compressed class ptrs, parallel gc, windows-amd64)
# No core dump will be written. Minidumps are not enabled by default on client versions of Windows
#

---------------  S U M M A R Y ------------

Command Line: --add-modules=ALL-SYSTEM --add-opens=java.base/java.util=ALL-UNNAMED --add-opens=java.base/java.lang=ALL-UNNAMED --add-opens=java.base/sun.nio.fs=ALL-UNNAMED -Declipse.application=org.eclipse.jdt.ls.core.id1 -Dosgi.bundles.defaultStartLevel=4 -Declipse.product=org.eclipse.jdt.ls.core.product -Djava.import.generatesMetadataFilesAtProjectRoot=false -DDetectVMInstallationsJob.disabled=true -Dfile.encoding=utf8 -XX:+UseParallelGC -XX:GCTimeRatio=4 -XX:AdaptiveSizePolicyWeight=90 -Dsun.zip.disableMemoryMapping=true -Xmx2G -Xms100m -Xlog:disable -javaagent:c:\Users\yashp\.antigravity\extensions\redhat.java-1.53.0-win32-x64\lombok\lombok-1.18.39-4050.jar c:\Users\yashp\.antigravity\extensions\redhat.java-1.53.0-win32-x64\server\plugins\org.eclipse.equinox.launcher_1.7.100.v20251111-0406.jar -configuration c:\Users\yashp\AppData\Roaming\Antigravity\User\globalStorage\redhat.java\1.53.0\config_ss_win -data c:\Users\yashp\AppData\Roaming\Antigravity\User\workspaceStorage\77266c753ab818bd2c74d7d8e3216240\redhat.java\ss_ws --pipe=\\.\pipe\lsp-7ae24896f6b40a030a7099c2a58aa0b0-sock

Host: 12th Gen Intel(R) Core(TM) i7-1255U, 12 cores, 15G,  Windows 11 , 64 bit Build 26100 (10.0.26100.8115)
Time: Tue Apr 14 10:15:56 2026 India Standard Time elapsed time: 1.422473 seconds (0d 0h 0m 1s)

---------------  T H R E A D  ---------------

Current thread (0x000001a60878af10):  JavaThread "C2 CompilerThread1" daemon [_thread_in_native, id=2520, stack(0x0000009c9af00000,0x0000009c9b000000) (1024K)]


Current CompileTask:
C2:1422  674       4       lombok.patcher.scripts.MethodLevelPatchScript::patch (21 bytes)

Stack: [0x0000009c9af00000,0x0000009c9b000000]
Native frames: (J=compiled Java code, j=interpreted, Vv=VM code, C=native code)
V  [jvm.dll+0x6d7a39]
V  [jvm.dll+0x8b4b26]
V  [jvm.dll+0x8b70de]
V  [jvm.dll+0x8b77c3]
V  [jvm.dll+0x284346]
V  [jvm.dll+0xc66ed]
V  [jvm.dll+0xc6c31]
V  [jvm.dll+0x3bec3b]
V  [jvm.dll+0x38b162]
V  [jvm.dll+0x38a5aa]
V  [jvm.dll+0x24c560]
V  [jvm.dll+0x24bb40]
V  [jvm.dll+0x1cb34e]
V  [jvm.dll+0x25b85d]
V  [jvm.dll+0x259dea]
V  [jvm.dll+0x3f857e]
V  [jvm.dll+0x85f59d]
V  [jvm.dll+0x6d626d]
C  [ucrtbase.dll+0x37b0]
C  [KERNEL32.DLL+0x2e8d7]
C  [ntdll.dll+0x8c3fc]


---------------  P R O C E S S  ---------------

Threads class SMR info:
_java_thread_list=0x000001a60868c070, length=13, elements={
0x000001a5ae98b6b0, 0x000001a5ae93e7f0, 0x000001a608332f00, 0x000001a608336e10,
0x000001a608338dd0, 0x000001a60833b730, 0x000001a60833e680, 0x000001a608350e40,
0x000001a6083531e0, 0x000001a6085369f0, 0x000001a6085cd880, 0x000001a60878af10,
0x000001a60866fbc0
}

Java Threads: ( => current thread )
  0x000001a5ae98b6b0 JavaThread "main"                              [_thread_in_Java, id=5552, stack(0x0000009c9a100000,0x0000009c9a200000) (1024K)]
  0x000001a5ae93e7f0 JavaThread "Reference Handler"          daemon [_thread_blocked, id=11656, stack(0x0000009c9a500000,0x0000009c9a600000) (1024K)]
  0x000001a608332f00 JavaThread "Finalizer"                  daemon [_thread_blocked, id=15524, stack(0x0000009c9a600000,0x0000009c9a700000) (1024K)]
  0x000001a608336e10 JavaThread "Signal Dispatcher"          daemon [_thread_blocked, id=30644, stack(0x0000009c9a700000,0x0000009c9a800000) (1024K)]
  0x000001a608338dd0 JavaThread "Attach Listener"            daemon [_thread_blocked, id=4548, stack(0x0000009c9a800000,0x0000009c9a900000) (1024K)]
  0x000001a60833b730 JavaThread "Service Thread"             daemon [_thread_blocked, id=9968, stack(0x0000009c9a900000,0x0000009c9aa00000) (1024K)]
  0x000001a60833e680 JavaThread "Monitor Deflation Thread"   daemon [_thread_blocked, id=10384, stack(0x0000009c9aa00000,0x0000009c9ab00000) (1024K)]
  0x000001a608350e40 JavaThread "C2 CompilerThread0"         daemon [_thread_in_native, id=3660, stack(0x0000009c9ab00000,0x0000009c9ac00000) (1024K)]
  0x000001a6083531e0 JavaThread "C1 CompilerThread0"         daemon [_thread_in_vm, id=32860, stack(0x0000009c9ac00000,0x0000009c9ad00000) (1024K)]
  0x000001a6085369f0 JavaThread "Common-Cleaner"             daemon [_thread_blocked, id=24904, stack(0x0000009c9ae00000,0x0000009c9af00000) (1024K)]
  0x000001a6085cd880 JavaThread "Notification Thread"        daemon [_thread_blocked, id=26036, stack(0x0000009c9ad00000,0x0000009c9ae00000) (1024K)]
=>0x000001a60878af10 JavaThread "C2 CompilerThread1"         daemon [_thread_in_native, id=2520, stack(0x0000009c9af00000,0x0000009c9b000000) (1024K)]
  0x000001a60866fbc0 JavaThread "C2 CompilerThread2"         daemon [_thread_in_native, id=16216, stack(0x0000009c9b000000,0x0000009c9b100000) (1024K)]
Total: 13

Other Threads:
  0x000001a5ae922f60 VMThread "VM Thread"                           [id=2016, stack(0x0000009c9a400000,0x0000009c9a500000) (1024K)]
  0x000001a5ae81ca00 WatcherThread "VM Periodic Task Thread"        [id=31440, stack(0x0000009c9a300000,0x0000009c9a400000) (1024K)]
  0x000001a5ae9aaba0 WorkerThread "GC Thread#0"                     [id=33728, stack(0x0000009c9a200000,0x0000009c9a300000) (1024K)]
Total: 3

Threads with active compile tasks:
C2 CompilerThread0  1458  716       4       java.math.BigInteger::implMulAddCheck (176 bytes)
C1 CompilerThread0  1458  718   !   3       java.lang.String::<init> (880 bytes)
C2 CompilerThread1  1458  674       4       lombok.patcher.scripts.MethodLevelPatchScript::patch (21 bytes)
C2 CompilerThread2  1458  643       4       lombok.patcher.PatchScript::classMatches (41 bytes)
Total: 4

VM state: not at safepoint (normal execution)

VM Mutex/Monitor currently owned by a thread: None

Heap address: 0x0000000080000000, size: 2048 MB, Compressed Oops mode: 32-bit

CDS archive(s) mapped at: [0x000001a5c6000000-0x000001a5c6ba0000-0x000001a5c6ba0000), size 12189696, SharedBaseAddress: 0x000001a5c6000000, ArchiveRelocationMode: 1.
Compressed class space mapped at: 0x000001a5c7000000-0x000001a607000000, reserved size: 1073741824
Narrow klass base: 0x000001a5c6000000, Narrow klass shift: 0, Narrow klass range: 0x100000000

GC Precious Log:
 CardTable entry size: 512
 CPUs: 12 total, 12 available
 Memory: 16068M
 Large Page Support: Disabled
 NUMA Support: Disabled
 Compressed Oops: Enabled (32-bit)
 Alignments: Space 512K, Generation 512K, Heap 2M
 Heap Min Capacity: 100M
 Heap Initial Capacity: 100M
 Heap Max Capacity: 2G
 Pre-touch: Disabled
 Parallel Workers: 10

Heap:
 PSYoungGen      total 29696K, used 14584K [0x00000000d5580000, 0x00000000d7680000, 0x0000000100000000)
  eden space 25600K, 56% used [0x00000000d5580000,0x00000000d63be3e8,0x00000000d6e80000)
  from space 4096K, 0% used [0x00000000d7280000,0x00000000d7280000,0x00000000d7680000)
  to   space 4096K, 0% used [0x00000000d6e80000,0x00000000d6e80000,0x00000000d7280000)
 ParOldGen       total 68608K, used 0K [0x0000000080000000, 0x0000000084300000, 0x00000000d5580000)
  object space 68608K, 0% used [0x0000000080000000,0x0000000080000000,0x0000000084300000)
 Metaspace       used 2854K, committed 3072K, reserved 1114112K
  class space    used 297K, committed 384K, reserved 1048576K

Card table byte_map: [0x000001a5ae330000,0x000001a5ae740000] _byte_map_base: 0x000001a5adf30000

Marking Bits: (ParMarkBitMap*) 0x00007ff831913450
 Begin Bits: [0x000001a5c0e40000, 0x000001a5c2e40000)
 End Bits:   [0x000001a5c2e40000, 0x000001a5c4e40000)

Polling page: 0x000001a5ac7b0000

Metaspace:

Usage:
  Non-class:      2.50 MB used.
      Class:    297.08 KB used.
       Both:      2.79 MB used.

Virtual space:
  Non-class space:       64.00 MB reserved,       2.62 MB (  4%) committed,  1 nodes.
      Class space:        1.00 GB reserved,     384.00 KB ( <1%) committed,  1 nodes.
             Both:        1.06 GB reserved,       3.00 MB ( <1%) committed. 

Chunk freelists:
   Non-Class:  11.65 MB
       Class:  15.67 MB
        Both:  27.32 MB

MaxMetaspaceSize: unlimited
CompressedClassSpaceSize: 1.00 GB
Initial GC threshold: 21.00 MB
Current GC threshold: 21.00 MB
CDS: on
 - commit_granule_bytes: 65536.
 - commit_granule_words: 8192.
 - virtual_space_node_default_size: 8388608.
 - enlarge_chunks_in_place: 1.
 - use_allocation_guard: 0.


Internal statistics:

num_allocs_failed_limit: 0.
num_arena_births: 82.
num_arena_deaths: 0.
num_vsnodes_births: 2.
num_vsnodes_deaths: 0.
num_space_committed: 48.
num_space_uncommitted: 0.
num_chunks_returned_to_freelist: 0.
num_chunks_taken_from_freelist: 104.
num_chunk_merges: 0.
num_chunk_splits: 73.
num_chunks_enlarged: 47.
num_inconsistent_stats: 0.

CodeHeap 'non-profiled nmethods': size=120000Kb used=261Kb max_used=261Kb free=119738Kb
 bounds [0x000001a5b9660000, 0x000001a5b98d0000, 0x000001a5c0b90000]
CodeHeap 'profiled nmethods': size=120000Kb used=1036Kb max_used=1036Kb free=118963Kb
 bounds [0x000001a5b1b90000, 0x000001a5b1e00000, 0x000001a5b90c0000]
CodeHeap 'non-nmethods': size=5760Kb used=1183Kb max_used=1196Kb free=4576Kb
 bounds [0x000001a5b90c0000, 0x000001a5b9330000, 0x000001a5b9660000]
CodeCache: size=245760Kb, used=2480Kb, max_used=2493Kb, free=243277Kb
 total_blobs=1154, nmethods=713, adapters=348, full_count=0
Compilation: enabled, stopped_count=0, restarted_count=0

Compilation events (20 events):
Event: 1.412 Thread 0x000001a6083531e0 nmethod 693 0x000001a5b1c89610 code [0x000001a5b1c89a60, 0x000001a5b1c8b290]
Event: 1.412 Thread 0x000001a6083531e0  694       3       java.math.BigInteger::addOne (77 bytes)
Event: 1.412 Thread 0x000001a6083531e0 nmethod 694 0x000001a5b1c8bc90 code [0x000001a5b1c8be60, 0x000001a5b1c8c1a0]
Event: 1.416 Thread 0x000001a608350e40 nmethod 695% 0x000001a5b969f610 code [0x000001a5b969f7a0, 0x000001a5b969f998]
Event: 1.417 Thread 0x000001a6083531e0  696       3       java.lang.invoke.InvokerBytecodeGenerator::getInternalName (103 bytes)
Event: 1.418 Thread 0x000001a6083531e0 nmethod 696 0x000001a5b1c8c310 code [0x000001a5b1c8c520, 0x000001a5b1c8c9c0]
Event: 1.418 Thread 0x000001a608350e40  697       4       java.lang.AbstractStringBuilder::isLatin1 (19 bytes)
Event: 1.418 Thread 0x000001a6083531e0  698       3       sun.security.util.DerValue::isPrintableStringChar (184 bytes)
Event: 1.418 Thread 0x000001a6083531e0 nmethod 698 0x000001a5b1c8cb10 code [0x000001a5b1c8ccc0, 0x000001a5b1c8d1b8]
Event: 1.419 Thread 0x000001a6083531e0  700       3       jdk.internal.util.ArraysSupport::hashCode (33 bytes)
Event: 1.419 Thread 0x000001a608350e40 nmethod 697 0x000001a5b969fb90 code [0x000001a5b969fd20, 0x000001a5b969fdd0]
Event: 1.419 Thread 0x000001a608350e40  701       4       java.lang.CharacterDataLatin1::getProperties (11 bytes)
Event: 1.419 Thread 0x000001a6083531e0 nmethod 700 0x000001a5b1c8d290 code [0x000001a5b1c8d440, 0x000001a5b1c8d608]
Event: 1.419 Thread 0x000001a6083531e0  699       3       java.lang.Character::isWhitespace (5 bytes)
Event: 1.419 Thread 0x000001a6083531e0 nmethod 699 0x000001a5b1c8d710 code [0x000001a5b1c8d8e0, 0x000001a5b1c8db38]
Event: 1.419 Thread 0x000001a6083531e0  702       3       java.lang.Character::isWhitespace (9 bytes)
Event: 1.419 Thread 0x000001a6083531e0 nmethod 702 0x000001a5b1c8dc10 code [0x000001a5b1c8ddc0, 0x000001a5b1c8dfb8]
Event: 1.419 Thread 0x000001a6083531e0  703       3       java.lang.CharacterDataLatin1::isWhitespace (23 bytes)
Event: 1.419 Thread 0x000001a608350e40 nmethod 701 0x000001a5b969fe90 code [0x000001a5b96a0020, 0x000001a5b96a00d8]
Event: 1.420 Thread 0x000001a6083531e0 nmethod 703 0x000001a5b1c8e090 code [0x000001a5b1c8e240, 0x000001a5b1c8e448]

GC Heap History (0 events):
No events

Dll operation events (8 events):
Event: 0.214 Loaded shared library c:\Users\yashp\.antigravity\extensions\redhat.java-1.53.0-win32-x64\jre\21.0.10-win32-x86_64\bin\java.dll
Event: 0.417 Loaded shared library c:\Users\yashp\.antigravity\extensions\redhat.java-1.53.0-win32-x64\jre\21.0.10-win32-x86_64\bin\zip.dll
Event: 0.446 Loaded shared library C:\Users\yashp\.antigravity\extensions\redhat.java-1.53.0-win32-x64\jre\21.0.10-win32-x86_64\bin\instrument.dll
Event: 0.553 Loaded shared library C:\Users\yashp\.antigravity\extensions\redhat.java-1.53.0-win32-x64\jre\21.0.10-win32-x86_64\bin\net.dll
Event: 0.650 Loaded shared library C:\Users\yashp\.antigravity\extensions\redhat.java-1.53.0-win32-x64\jre\21.0.10-win32-x86_64\bin\nio.dll
Event: 0.657 Loaded shared library C:\Users\yashp\.antigravity\extensions\redhat.java-1.53.0-win32-x64\jre\21.0.10-win32-x86_64\bin\zip.dll
Event: 0.690 Loaded shared library C:\Users\yashp\.antigravity\extensions\redhat.java-1.53.0-win32-x64\jre\21.0.10-win32-x86_64\bin\jimage.dll
Event: 0.893 Loaded shared library c:\Users\yashp\.antigravity\extensions\redhat.java-1.53.0-win32-x64\jre\21.0.10-win32-x86_64\bin\verify.dll

Deoptimization events (20 events):
Event: 1.164 Thread 0x000001a5ae98b6b0 DEOPT PACKING pc=0x000001a5b1bd1698 sp=0x0000009c9a1fb2a0
Event: 1.164 Thread 0x000001a5ae98b6b0 DEOPT UNPACKING pc=0x000001a5b9114242 sp=0x0000009c9a1fa760 mode 0
Event: 1.166 Thread 0x000001a5ae98b6b0 DEOPT PACKING pc=0x000001a5b1bd1698 sp=0x0000009c9a1fa970
Event: 1.166 Thread 0x000001a5ae98b6b0 DEOPT UNPACKING pc=0x000001a5b9114242 sp=0x0000009c9a1f9e30 mode 0
Event: 1.167 Thread 0x000001a5ae98b6b0 DEOPT PACKING pc=0x000001a5b1bd1698 sp=0x0000009c9a1f9a30
Event: 1.167 Thread 0x000001a5ae98b6b0 DEOPT UNPACKING pc=0x000001a5b9114242 sp=0x0000009c9a1f8ef0 mode 0
Event: 1.169 Thread 0x000001a5ae98b6b0 DEOPT PACKING pc=0x000001a5b1bd1698 sp=0x0000009c9a1f9a30
Event: 1.169 Thread 0x000001a5ae98b6b0 DEOPT UNPACKING pc=0x000001a5b9114242 sp=0x0000009c9a1f8ef0 mode 0
Event: 1.284 Thread 0x000001a5ae98b6b0 Uncommon trap: trap_request=0xffffff45 fr.pc=0x000001a5b969006c relative=0x000000000000014c
Event: 1.284 Thread 0x000001a5ae98b6b0 Uncommon trap: reason=unstable_if action=reinterpret pc=0x000001a5b969006c method=jdk.internal.util.ArraysSupport.vectorizedHashCode(Ljava/lang/Object;IIII)I @ 2 c2
Event: 1.284 Thread 0x000001a5ae98b6b0 DEOPT PACKING pc=0x000001a5b969006c sp=0x0000009c9a1fcce0
Event: 1.284 Thread 0x000001a5ae98b6b0 DEOPT UNPACKING pc=0x000001a5b9113aa2 sp=0x0000009c9a1fcc90 mode 2
Event: 1.300 Thread 0x000001a5ae98b6b0 Uncommon trap: trap_request=0xffffff45 fr.pc=0x000001a5b9682cf4 relative=0x00000000000000d4
Event: 1.300 Thread 0x000001a5ae98b6b0 Uncommon trap: reason=unstable_if action=reinterpret pc=0x000001a5b9682cf4 method=java.net.URI.match(CJJ)Z @ 45 c2
Event: 1.300 Thread 0x000001a5ae98b6b0 DEOPT PACKING pc=0x000001a5b9682cf4 sp=0x0000009c9a1fce60
Event: 1.300 Thread 0x000001a5ae98b6b0 DEOPT UNPACKING pc=0x000001a5b9113aa2 sp=0x0000009c9a1fcdc8 mode 2
Event: 1.396 Thread 0x000001a5ae98b6b0 Uncommon trap: trap_request=0xffffff45 fr.pc=0x000001a5b96804a4 relative=0x0000000000000184
Event: 1.396 Thread 0x000001a5ae98b6b0 Uncommon trap: reason=unstable_if action=reinterpret pc=0x000001a5b96804a4 method=java.lang.StringUTF16.compress([CI[BII)I @ 20 c2
Event: 1.396 Thread 0x000001a5ae98b6b0 DEOPT PACKING pc=0x000001a5b96804a4 sp=0x0000009c9a1fbaf0
Event: 1.396 Thread 0x000001a5ae98b6b0 DEOPT UNPACKING pc=0x000001a5b9113aa2 sp=0x0000009c9a1fba60 mode 2

Classes loaded (20 events):
Event: 1.401 Loading class sun/security/rsa/RSASignature done
Event: 1.401 Loading class sun/security/rsa/RSASignature$SHA256withRSA done
Event: 1.401 Loading class sun/security/rsa/RSAPrivateKeyImpl
Event: 1.402 Loading class sun/security/pkcs/PKCS8Key
Event: 1.402 Loading class sun/security/util/InternalPrivateKey
Event: 1.402 Loading class sun/security/util/InternalPrivateKey done
Event: 1.402 Loading class sun/security/pkcs/PKCS8Key done
Event: 1.402 Loading class sun/security/rsa/RSAPrivateKeyImpl done
Event: 1.402 Loading class sun/security/rsa/RSAPrivateCrtKeyImpl
Event: 1.402 Loading class java/security/interfaces/RSAPrivateCrtKey
Event: 1.402 Loading class java/security/interfaces/RSAPrivateCrtKey done
Event: 1.402 Loading class sun/security/rsa/RSAPrivateCrtKeyImpl done
Event: 1.404 Loading class sun/security/rsa/RSACore
Event: 1.404 Loading class sun/security/rsa/RSACore done
Event: 1.405 Loading class sun/security/rsa/RSAPadding
Event: 1.405 Loading class sun/security/rsa/RSAPadding done
Event: 1.406 Loading class java/math/MutableBigInteger
Event: 1.406 Loading class java/math/MutableBigInteger done
Event: 1.419 Loading class sun/security/provider/certpath/X509CertPath
Event: 1.419 Loading class java/security/cert/CertPath

Classes unloaded (0 events):
No events

Classes redefined (0 events):
No events

Internal exceptions (12 events):
Event: 0.303 Thread 0x000001a5ae98b6b0 Exception <a 'java/lang/NoSuchMethodError'{0x00000000d57a9208}: 'void java.lang.invoke.DirectMethodHandle$Holder.invokeStatic(java.lang.Object, java.lang.Object, java.lang.Object)'> (0x00000000d57a9208) 
thrown [s\src\hotspot\share\interpreter\linkResolver.cpp, line 773]
Event: 0.676 Thread 0x000001a5ae98b6b0 Exception <a 'java/lang/NoSuchMethodError'{0x00000000d59124b0}: 'java.lang.Object java.lang.invoke.Invokers$Holder.invokeExact_MT(java.lang.Object, java.lang.Object, java.lang.Object, java.lang.Object, java.lang.Object)'> (0x00000000d59124b0) 
thrown [s\src\hotspot\share\interpreter\linkResolver.cpp, line 773]
Event: 0.737 Thread 0x000001a5ae98b6b0 Exception <a 'java/lang/NoSuchMethodError'{0x00000000d59ca4b0}: 'int java.lang.invoke.DirectMethodHandle$Holder.invokeSpecial(java.lang.Object, java.lang.Object, java.lang.Object, int)'> (0x00000000d59ca4b0) 
thrown [s\src\hotspot\share\interpreter\linkResolver.cpp, line 773]
Event: 0.741 Thread 0x000001a5ae98b6b0 Exception <a 'java/lang/NoSuchMethodError'{0x00000000d59dce98}: 'java.lang.Object java.lang.invoke.DirectMethodHandle$Holder.invokeStatic(java.lang.Object, java.lang.Object, java.lang.Object, java.lang.Object, int)'> (0x00000000d59dce98) 
thrown [s\src\hotspot\share\interpreter\linkResolver.cpp, line 773]
Event: 0.744 Thread 0x000001a5ae98b6b0 Exception <a 'java/lang/NoSuchMethodError'{0x00000000d59e82d8}: 'void java.lang.invoke.DelegatingMethodHandle$Holder.reinvoke_L(java.lang.Object, java.lang.Object, java.lang.Object, int, java.lang.Object)'> (0x00000000d59e82d8) 
thrown [s\src\hotspot\share\interpreter\linkResolver.cpp, line 773]
Event: 0.749 Thread 0x000001a5ae98b6b0 Exception <a 'java/lang/NoSuchMethodError'{0x00000000d59f8c28}: 'int java.lang.invoke.DirectMethodHandle$Holder.invokeSpecial(java.lang.Object, java.lang.Object, java.lang.Object)'> (0x00000000d59f8c28) 
thrown [s\src\hotspot\share\interpreter\linkResolver.cpp, line 773]
Event: 0.754 Thread 0x000001a5ae98b6b0 Exception <a 'java/lang/NoSuchMethodError'{0x00000000d5a048e8}: 'java.lang.Object java.lang.invoke.DirectMethodHandle$Holder.invokeStatic(java.lang.Object, java.lang.Object, int)'> (0x00000000d5a048e8) 
thrown [s\src\hotspot\share\interpreter\linkResolver.cpp, line 773]
Event: 0.756 Thread 0x000001a5ae98b6b0 Exception <a 'java/lang/NoSuchMethodError'{0x00000000d5a09238}: 'void java.lang.invoke.DirectMethodHandle$Holder.invokeStatic(java.lang.Object, java.lang.Object, int, java.lang.Object)'> (0x00000000d5a09238) 
thrown [s\src\hotspot\share\interpreter\linkResolver.cpp, line 773]
Event: 0.757 Thread 0x000001a5ae98b6b0 Exception <a 'java/lang/NoSuchMethodError'{0x00000000d5a0cdc8}: 'void java.lang.invoke.DirectMethodHandle$Holder.invokeSpecial(java.lang.Object, java.lang.Object, java.lang.Object, int, java.lang.Object)'> (0x00000000d5a0cdc8) 
thrown [s\src\hotspot\share\interpreter\linkResolver.cpp, line 773]
Event: 0.757 Thread 0x000001a5ae98b6b0 Exception <a 'java/lang/NoSuchMethodError'{0x00000000d5a10238}: 'void java.lang.invoke.DelegatingMethodHandle$Holder.delegate(java.lang.Object, java.lang.Object, int, java.lang.Object)'> (0x00000000d5a10238) 
thrown [s\src\hotspot\share\interpreter\linkResolver.cpp, line 773]
Event: 0.965 Thread 0x000001a5ae98b6b0 Exception <a 'java/lang/NoSuchMethodError'{0x00000000d5bd27e0}: 'void java.lang.invoke.DelegatingMethodHandle$Holder.reinvoke_L(java.lang.Object, java.lang.Object, java.lang.Object, int)'> (0x00000000d5bd27e0) 
thrown [s\src\hotspot\share\interpreter\linkResolver.cpp, line 773]
Event: 1.272 Thread 0x000001a5ae98b6b0 Exception <a 'java/lang/NoSuchMethodError'{0x00000000d60611c8}: 'void java.lang.invoke.DirectMethodHandle$Holder.invokeVirtual(java.lang.Object, java.lang.Object)'> (0x00000000d60611c8) 
thrown [s\src\hotspot\share\interpreter\linkResolver.cpp, line 773]

ZGC Phase Switch (0 events):
No events

VM Operations (2 events):
Event: 0.709 Executing non-safepoint VM operation: HandshakeAllThreads (Deoptimize)
Event: 0.709 Executing non-safepoint VM operation: HandshakeAllThreads (Deoptimize) done

Memory protections (0 events):
No events

Nmethod flushes (0 events):
No events

Events (19 events):
Event: 0.239 Thread 0x000001a5ae98b6b0 Thread added: 0x000001a5ae98b6b0
Event: 0.262 Thread 0x000001a5ae98b6b0 Thread added: 0x000001a5ae93e7f0
Event: 0.263 Thread 0x000001a5ae98b6b0 Thread added: 0x000001a608332f00
Event: 0.263 Thread 0x000001a5ae98b6b0 Thread added: 0x000001a608336e10
Event: 0.263 Thread 0x000001a5ae98b6b0 Thread added: 0x000001a608338dd0
Event: 0.263 Thread 0x000001a5ae98b6b0 Thread added: 0x000001a60833b730
Event: 0.264 Thread 0x000001a5ae98b6b0 Thread added: 0x000001a60833e680
Event: 0.264 Thread 0x000001a5ae98b6b0 Thread added: 0x000001a608350e40
Event: 0.264 Thread 0x000001a5ae98b6b0 Thread added: 0x000001a6083531e0
Event: 0.433 Thread 0x000001a6083531e0 Thread added: 0x000001a608529f70
Event: 0.449 Thread 0x000001a5ae98b6b0 Thread added: 0x000001a6085369f0
Event: 0.659 Thread 0x000001a608529f70 Thread exited: 0x000001a608529f70
Event: 0.808 Thread 0x000001a6083531e0 Thread added: 0x000001a6085fd010
Event: 0.815 Thread 0x000001a6085fd010 Thread added: 0x000001a6085d3100
Event: 0.926 Thread 0x000001a6085d3100 Thread exited: 0x000001a6085d3100
Event: 1.118 Thread 0x000001a6085fd010 Thread exited: 0x000001a6085fd010
Event: 1.145 Thread 0x000001a5ae98b6b0 Thread added: 0x000001a6085cd880
Event: 1.249 Thread 0x000001a6083531e0 Thread added: 0x000001a60878af10
Event: 1.343 Thread 0x000001a60878af10 Thread added: 0x000001a60866fbc0


Dynamic libraries:
0x00007ff7ce6c0000 - 0x00007ff7ce6ce000 	c:\Users\yashp\.antigravity\extensions\redhat.java-1.53.0-win32-x64\jre\21.0.10-win32-x86_64\bin\java.exe
0x00007ff91a2e0000 - 0x00007ff91a547000 	C:\Windows\SYSTEM32\ntdll.dll
0x00007ff918bf0000 - 0x00007ff918cb9000 	C:\Windows\System32\KERNEL32.DLL
0x00007ff917000000 - 0x00007ff9173f4000 	C:\Windows\System32\KERNELBASE.dll
0x00007ff917ef0000 - 0x00007ff91803b000 	C:\Windows\System32\ucrtbase.dll
0x00007ff8c3200000 - 0x00007ff8c321e000 	c:\Users\yashp\.antigravity\extensions\redhat.java-1.53.0-win32-x64\jre\21.0.10-win32-x86_64\bin\VCRUNTIME140.dll
0x00007ff8c1d90000 - 0x00007ff8c1da8000 	c:\Users\yashp\.antigravity\extensions\redhat.java-1.53.0-win32-x64\jre\21.0.10-win32-x86_64\bin\jli.dll
0x00007ff919a30000 - 0x00007ff919bf5000 	C:\Windows\System32\USER32.dll
0x00007ff918040000 - 0x00007ff918067000 	C:\Windows\System32\win32u.dll
0x00007ff918cc0000 - 0x00007ff918ceb000 	C:\Windows\System32\GDI32.dll
0x00007ff917d30000 - 0x00007ff917e5a000 	C:\Windows\System32\gdi32full.dll
0x00007ff916bb0000 - 0x00007ff916c53000 	C:\Windows\System32\msvcp_win.dll
0x00007ff8f52c0000 - 0x00007ff8f5553000 	C:\Windows\WinSxS\amd64_microsoft.windows.common-controls_6595b64144ccf1df_6.0.26100.8115_none_3e075c82e3354f9c\COMCTL32.dll
0x00007ff919e90000 - 0x00007ff919f39000 	C:\Windows\System32\msvcrt.dll
0x00007ff919e50000 - 0x00007ff919e82000 	C:\Windows\System32\IMM32.DLL
0x00007ff8f9e60000 - 0x00007ff8f9e6c000 	c:\Users\yashp\.antigravity\extensions\redhat.java-1.53.0-win32-x64\jre\21.0.10-win32-x86_64\bin\vcruntime140_1.dll
0x00007ff89eb10000 - 0x00007ff89eb9d000 	c:\Users\yashp\.antigravity\extensions\redhat.java-1.53.0-win32-x64\jre\21.0.10-win32-x86_64\bin\msvcp140.dll
0x00007ff830c50000 - 0x00007ff8319f1000 	c:\Users\yashp\.antigravity\extensions\redhat.java-1.53.0-win32-x64\jre\21.0.10-win32-x86_64\bin\server\jvm.dll
0x00007ff9190a0000 - 0x00007ff919156000 	C:\Windows\System32\ADVAPI32.dll
0x00007ff918220000 - 0x00007ff9182c7000 	C:\Windows\System32\sechost.dll
0x00007ff918100000 - 0x00007ff918218000 	C:\Windows\System32\RPCRT4.dll
0x00007ff918070000 - 0x00007ff9180f0000 	C:\Windows\System32\WS2_32.dll
0x00007ff916960000 - 0x00007ff9169be000 	C:\Windows\SYSTEM32\POWRPROF.dll
0x00007ff904aa0000 - 0x00007ff904aab000 	C:\Windows\SYSTEM32\VERSION.dll
0x00007ff913b60000 - 0x00007ff913b96000 	C:\Windows\SYSTEM32\WINMM.dll
0x00007ff916940000 - 0x00007ff916954000 	C:\Windows\SYSTEM32\UMPDC.dll
0x00007ff915940000 - 0x00007ff91595b000 	C:\Windows\SYSTEM32\kernel.appcore.dll
0x00007ff8f9d90000 - 0x00007ff8f9d9a000 	c:\Users\yashp\.antigravity\extensions\redhat.java-1.53.0-win32-x64\jre\21.0.10-win32-x86_64\bin\jimage.dll
0x00007ff9149b0000 - 0x00007ff914bf2000 	C:\Windows\SYSTEM32\DBGHELP.DLL
0x00007ff918cf0000 - 0x00007ff919072000 	C:\Windows\System32\combase.dll
0x00007ff919160000 - 0x00007ff919237000 	C:\Windows\System32\OLEAUT32.dll
0x00007ff913b20000 - 0x00007ff913b5b000 	C:\Windows\SYSTEM32\dbgcore.DLL
0x00007ff916f50000 - 0x00007ff916ff5000 	C:\Windows\System32\bcryptPrimitives.dll
0x00007ff8f9830000 - 0x00007ff8f983f000 	c:\Users\yashp\.antigravity\extensions\redhat.java-1.53.0-win32-x64\jre\21.0.10-win32-x86_64\bin\instrument.dll
0x00007ff8c2e00000 - 0x00007ff8c2e20000 	c:\Users\yashp\.antigravity\extensions\redhat.java-1.53.0-win32-x64\jre\21.0.10-win32-x86_64\bin\java.dll
0x00007ff918470000 - 0x00007ff918bd6000 	C:\Windows\System32\SHELL32.dll
0x00007ff916de0000 - 0x00007ff916f4a000 	C:\Windows\System32\wintypes.dll
0x00007ff9174c0000 - 0x00007ff917d25000 	C:\Windows\System32\windows.storage.dll
0x00007ff919f50000 - 0x00007ff91a047000 	C:\Windows\System32\SHCORE.dll
0x00007ff919de0000 - 0x00007ff919e46000 	C:\Windows\System32\shlwapi.dll
0x00007ff916ad0000 - 0x00007ff916af9000 	C:\Windows\SYSTEM32\profapi.dll
0x00007ff8bed10000 - 0x00007ff8bed28000 	c:\Users\yashp\.antigravity\extensions\redhat.java-1.53.0-win32-x64\jre\21.0.10-win32-x86_64\bin\zip.dll
0x00007ff8f7470000 - 0x00007ff8f7480000 	C:\Users\yashp\.antigravity\extensions\redhat.java-1.53.0-win32-x64\jre\21.0.10-win32-x86_64\bin\net.dll
0x00007ff904840000 - 0x00007ff90496d000 	C:\Windows\SYSTEM32\WINHTTP.dll
0x00007ff915eb0000 - 0x00007ff915f1c000 	C:\Windows\system32\mswsock.dll
0x00007ff8b9960000 - 0x00007ff8b9976000 	C:\Users\yashp\.antigravity\extensions\redhat.java-1.53.0-win32-x64\jre\21.0.10-win32-x86_64\bin\nio.dll
0x00007ff8f6a90000 - 0x00007ff8f6aa0000 	c:\Users\yashp\.antigravity\extensions\redhat.java-1.53.0-win32-x64\jre\21.0.10-win32-x86_64\bin\verify.dll

JVMTI agents:
c:\Users\yashp\.antigravity\extensions\redhat.java-1.53.0-win32-x64\lombok\lombok-1.18.39-4050.jar path:c:\Users\yashp\.antigravity\extensions\redhat.java-1.53.0-win32-x64\jre\21.0.10-win32-x86_64\bin\instrument.dll, loaded, initialized, instrumentlib options:none

dbghelp: loaded successfully - version: 4.0.5 - missing functions: none
symbol engine: initialized successfully - sym options: 0x614 - pdb path: .;c:\Users\yashp\.antigravity\extensions\redhat.java-1.53.0-win32-x64\jre\21.0.10-win32-x86_64\bin;C:\Windows\SYSTEM32;C:\Windows\WinSxS\amd64_microsoft.windows.common-controls_6595b64144ccf1df_6.0.26100.8115_none_3e075c82e3354f9c;c:\Users\yashp\.antigravity\extensions\redhat.java-1.53.0-win32-x64\jre\21.0.10-win32-x86_64\bin\server

VM Arguments:
jvm_args: --add-modules=ALL-SYSTEM --add-opens=java.base/java.util=ALL-UNNAMED --add-opens=java.base/java.lang=ALL-UNNAMED --add-opens=java.base/sun.nio.fs=ALL-UNNAMED -Declipse.application=org.eclipse.jdt.ls.core.id1 -Dosgi.bundles.defaultStartLevel=4 -Declipse.product=org.eclipse.jdt.ls.core.product -Djava.import.generatesMetadataFilesAtProjectRoot=false -DDetectVMInstallationsJob.disabled=true -Dfile.encoding=utf8 -XX:+UseParallelGC -XX:GCTimeRatio=4 -XX:AdaptiveSizePolicyWeight=90 -Dsun.zip.disableMemoryMapping=true -Xmx2G -Xms100m -Xlog:disable -javaagent:c:\Users\yashp\.antigravity\extensions\redhat.java-1.53.0-win32-x64\lombok\lombok-1.18.39-4050.jar 
java_command: c:\Users\yashp\.antigravity\extensions\redhat.java-1.53.0-win32-x64\server\plugins\org.eclipse.equinox.launcher_1.7.100.v20251111-0406.jar -configuration c:\Users\yashp\AppData\Roaming\Antigravity\User\globalStorage\redhat.java\1.53.0\config_ss_win -data c:\Users\yashp\AppData\Roaming\Antigravity\User\workspaceStorage\77266c753ab818bd2c74d7d8e3216240\redhat.java\ss_ws --pipe=\\.\pipe\lsp-7ae24896f6b40a030a7099c2a58aa0b0-sock
java_class_path (initial): c:\Users\yashp\.antigravity\extensions\redhat.java-1.53.0-win32-x64\server\plugins\org.eclipse.equinox.launcher_1.7.100.v20251111-0406.jar
Launcher Type: SUN_STANDARD

[Global flags]
    uintx AdaptiveSizePolicyWeight                 = 90                                        {product} {command line}
     intx CICompilerCount                          = 4                                         {product} {ergonomic}
    uintx GCTimeRatio                              = 4                                         {product} {command line}
   size_t InitialHeapSize                          = 104857600                                 {product} {command line}
   size_t MaxHeapSize                              = 2147483648                                {product} {command line}
   size_t MaxNewSize                               = 715653120                                 {product} {ergonomic}
   size_t MinHeapDeltaBytes                        = 524288                                    {product} {ergonomic}
   size_t MinHeapSize                              = 104857600                                 {product} {command line}
   size_t NewSize                                  = 34603008                                  {product} {ergonomic}
    uintx NonNMethodCodeHeapSize                   = 5839372                                {pd product} {ergonomic}
    uintx NonProfiledCodeHeapSize                  = 122909434                              {pd product} {ergonomic}
   size_t OldSize                                  = 70254592                                  {product} {ergonomic}
    uintx ProfiledCodeHeapSize                     = 122909434                              {pd product} {ergonomic}
    uintx ReservedCodeCacheSize                    = 251658240                              {pd product} {ergonomic}
     bool SegmentedCodeCache                       = true                                      {product} {ergonomic}
   size_t SoftMaxHeapSize                          = 2147483648                             {manageable} {ergonomic}
     bool UseCompressedOops                        = true                           {product lp64_product} {ergonomic}
     bool UseLargePagesIndividualAllocation        = false                                  {pd product} {ergonomic}
     bool UseParallelGC                            = true                                      {product} {command line}

Logging:
Log output configuration:
 #0: stdout all=off uptime,level,tags foldmultilines=false
 #1: stderr all=off uptime,level,tags foldmultilines=false

Release file:
JAVA_VERSION="21.0.10" 
MODULES="java.base java.compiler java.datatransfer java.xml java.prefs java.desktop java.instrument java.logging java.management java.security.sasl java.naming java.rmi java.management.rmi java.net.http java.scripting java.security.jgss java.transaction.xa java.sql java.sql.rowset java.xml.crypto java.se java.smartcardio jdk.accessibility jdk.internal.jvmstat jdk.attach jdk.charsets jdk.internal.opt jdk.zipfs jdk.compiler jdk.crypto.ec jdk.crypto.cryptoki jdk.crypto.mscapi jdk.dynalink jdk.internal.ed jdk.editpad jdk.hotspot.agent jdk.httpserver jdk.internal.le jdk.internal.vm.ci jdk.internal.vm.compiler jdk.internal.vm.compiler.management jdk.jartool jdk.javadoc jdk.jcmd jdk.management jdk.management.agent jdk.jconsole jdk.jdeps jdk.jdwp.agent jdk.jdi jdk.jfr jdk.jshell jdk.jsobject jdk.jstatd jdk.localedata jdk.management.jfr jdk.naming.dns jdk.naming.rmi jdk.net jdk.nio.mapmode jdk.random jdk.sctp jdk.security.auth jdk.security.jgss jdk.unsupported jdk.unsupported.desktop jdk.xml.dom" 

Environment Variables:
JAVA_HOME=C:\Program Files\Android\Android Studio\jbr
PATH=C:\Program Files\Python314\Scripts\;C:\Program Files\Eclipse Adoptium\jdk-25.0.0.36-hotspot\bin;C:\Windows\system32;C:\Windows;C:\Windows\System32\Wbem;C:\Windows\System32\WindowsPowerShell\v1.0\;C:\Windows\System32\OpenSSH\;C:\Program Files\Git\cmd;C:\Program Files\dotnet\;C:\Program Files\nodejs\;C:\Windows\system32\config\systemprofile\AppData\Local\Muse Hub\lib;C:\Program Files (x86)\NVIDIA Corporation\PhysX\Common;C:\Program Files\Android\Android Studio\jbr\bin;C:\Program Files\Docker\Docker\resources\bin;C:\Users\yashp\AppData\Local\Android\Sdk\platform-tools;C:\Program Files\Python314\;C:\Users\yashp\AppData\Local\Microsoft\WindowsApps;C:\Program Files\Git\cmd;C:\Users\yashp\AppData\Local\Programs\Microsoft VS Code\bin;C:\Program Files\nodejs;C:\flutter\flutter\bin;C:\Users\yashp\AppData\Local\GitHubDesktop\bin;C:\Users\yashp\AppData\Roaming\npm;C:\Users\yashp\AppData\Local\Python\bin;C:\Users\yashp\AppData\Local\Muse Hub\lib;C:\Users\yashp\AppData\Local\Pub\Cache\bin;C:\Program Files\Python314\;D:\Antigravity\bin
USERNAME=yashp
OS=Windows_NT
PROCESSOR_IDENTIFIER=Intel64 Family 6 Model 154 Stepping 4, GenuineIntel
TMP=C:\Users\yashp\AppData\Local\Temp
TEMP=C:\Users\yashp\AppData\Local\Temp




Periodic native trim disabled

---------------  S Y S T E M  ---------------

OS:
 Windows 11 , 64 bit Build 26100 (10.0.26100.8115)
OS uptime: 4 days 18:44 hours
Hyper-V role detected

CPU: total 12 (initial active 12) (6 cores per cpu, 2 threads per core) family 6 model 154 stepping 4 microcode 0x437, cx8, cmov, fxsr, ht, mmx, 3dnowpref, sse, sse2, sse3, ssse3, sse4.1, sse4.2, popcnt, lzcnt, tsc, tscinvbit, avx, avx2, aes, erms, clmul, bmi1, bmi2, adx, sha, fma, vzeroupper, clflush, clflushopt, clwb, hv, serialize, rdtscp, rdpid, fsrm, f16c, cet_ibt, cet_ss
Processor Information for the first 12 processors :
  Max Mhz: 1700, Current Mhz: 1700, Mhz Limit: 1700

Memory: 4k page, system-wide physical 16068M (1400M free)
TotalPageFile size 26316M (AvailPageFile size 0M)
current process WorkingSet (physical memory assigned to process): 63M, peak: 63M
current process commit charge ("private bytes"): 238M, peak: 238M

vm_info: OpenJDK 64-Bit Server VM (21.0.10+7-LTS) for windows-amd64 JRE (21.0.10+7-LTS), built on 2026-01-20T00:00:00Z by "admin" with MS VC++ 17.12 (VS2022)

END.
